info: Aug-18-2023 10:21:17: 	file uploaded
info: Aug-18-2023 10:21:19: 	file: new is compressed in 8ms with heap=138
info: Aug-18-2023 10:21:19: 	file: new is converted in 1959ms with heap=139
error: Aug-18-2023 10:23:39: 	file: Minecraft.dmg has no zip format
error: Aug-18-2023 10:23:47: 	file: Minecraft.dmg has no zip format
error: Aug-18-2023 10:23:53: 	file: Minecraft.dmg has no zip format
error: Aug-18-2023 10:26:33: 	file: Согласие № ЗП-2 от 11.08.2023 (2).pdf has no zip format
error: Aug-18-2023 17:09:55: 	file: preview1.png has no zip format
info: Aug-18-2023 17:10:52: 	file uploaded
info: Aug-18-2023 17:11:40: 	file uploaded
info: Aug-18-2023 17:11:42: 	file: index is compressed in 5ms with heap=137
info: Aug-18-2023 17:11:42: 	file: index is converted in 1704ms with heap=138
info: Aug-19-2023 16:35:24: 	file uploaded
info: Aug-19-2023 16:35:26: 	file: index is compressed in 6ms with heap=138
info: Aug-19-2023 16:35:26: 	file: index is converted in 2041ms with heap=139
info: Aug-19-2023 16:36:23: 	file uploaded
info: Aug-19-2023 16:36:25: 	file: index is compressed in 6ms with heap=138
info: Aug-19-2023 16:36:25: 	file: index is converted in 2151ms with heap=139
info: Aug-19-2023 22:40:14: 	file uploaded
info: Aug-19-2023 22:41:02: 	file uploaded
info: Aug-19-2023 22:43:08: 	file uploaded
info: Aug-19-2023 22:46:14: 	file uploaded
info: Aug-19-2023 22:47:38: 	file uploaded
info: Aug-19-2023 22:48:04: 	file uploaded
info: Aug-19-2023 22:49:14: 	file uploaded
info: Aug-19-2023 22:49:48: 	file uploaded
info: Aug-19-2023 22:50:29: 	file uploaded
info: Aug-19-2023 22:50:55: 	file uploaded
info: Aug-19-2023 22:52:30: 	file uploaded
info: Aug-19-2023 22:53:29: 	file uploaded
info: Aug-19-2023 22:54:44: 	file uploaded
info: Aug-19-2023 22:55:21: 	file uploaded
info: Aug-19-2023 22:55:52: 	file uploaded
info: Aug-19-2023 22:56:15: 	file uploaded
info: Aug-19-2023 22:56:25: 	file uploaded
info: Aug-19-2023 22:57:30: 	file uploaded
info: Aug-19-2023 22:59:26: 	file uploaded
info: Aug-19-2023 23:00:40: 	file uploaded
info: Aug-19-2023 23:01:35: 	file uploaded
info: Aug-19-2023 23:02:30: 	file uploaded
info: Aug-19-2023 23:02:52: 	file uploaded
info: Aug-19-2023 23:03:40: 	file uploaded
info: Aug-19-2023 23:04:16: 	file uploaded
info: Aug-19-2023 23:05:15: 	file uploaded
info: Aug-19-2023 23:06:20: 	file uploaded
info: Aug-19-2023 23:07:00: 	file uploaded
info: Aug-19-2023 23:07:15: 	file uploaded
info: Aug-19-2023 23:07:59: 	file uploaded
info: Aug-19-2023 23:08:36: 	file uploaded
info: Aug-19-2023 23:09:13: 	file uploaded
info: Aug-19-2023 23:10:16: 	file uploaded
info: Aug-19-2023 23:10:47: 	file uploaded
info: Aug-19-2023 23:11:09: 	file uploaded
info: Aug-19-2023 23:12:11: 	file uploaded
info: Aug-19-2023 23:12:49: 	file uploaded
info: Aug-19-2023 23:13:31: 	file uploaded
info: Aug-19-2023 23:14:13: 	file uploaded
info: Aug-19-2023 23:20:06: 	file uploaded
info: Aug-19-2023 23:20:12: 	file: index is compressed in 5ms with heap=137
info: Aug-19-2023 23:20:12: 	file: index is converted in 5823ms with heap=139
info: Aug-19-2023 23:20:25: 	file uploaded
info: Aug-19-2023 23:20:26: 	file: index is compressed in 2ms with heap=140
info: Aug-19-2023 23:20:26: 	file: index is converted in 1287ms with heap=140
info: Aug-19-2023 23:20:34: 	file uploaded
info: Aug-19-2023 23:20:35: 	file: test is compressed in 5ms with heap=140
info: Aug-19-2023 23:20:35: 	file: test is converted in 1631ms with heap=140
